<?xml version="1.0" encoding="UTF-8"?>
<testng-results skipped="0" failed="0" ignored="0" total="1" passed="1">
  <reporter-output>
  </reporter-output>
  <suite name="Suite" duration-ms="36390" started-at="2021-03-31T16:56:40Z" finished-at="2021-03-31T16:57:16Z">
    <groups>
    </groups>
    <test name="Test" duration-ms="36390" started-at="2021-03-31T16:56:40Z" finished-at="2021-03-31T16:57:16Z">
      <class name="traffic.tests.TC_01">
        <test-method status="PASS" signature="setUpBrowser()[pri:0, instance:traffic.tests.TC_01@69930714]" name="setUpBrowser" is-config="true" duration-ms="21262" started-at="2021-03-31T16:56:41Z" finished-at="2021-03-31T16:57:02Z">
          <reporter-output>
          </reporter-output>
        </test-method> <!-- setUpBrowser -->
        <test-method status="PASS" signature="TC_01_VerifyControllerPrperty(java.util.HashMap)[pri:0, instance:traffic.tests.TC_01@69930714]" name="TC_01_VerifyControllerPrperty" duration-ms="14144" started-at="2021-03-31T16:57:02Z" data-provider="excelData_Controller" finished-at="2021-03-31T16:57:16Z">
          <params>
            <param index="0">
              <value>
                <![CDATA[{ControllerName=7914 (7914), Username=test_4, Zone=TVM, Password=12345}]]>
              </value>
            </param>
          </params>
          <reporter-output>
          </reporter-output>
        </test-method> <!-- TC_01_VerifyControllerPrperty -->
      </class> <!-- traffic.tests.TC_01 -->
    </test> <!-- Test -->
  </suite> <!-- Suite -->
</testng-results>
